The files belonging to this database system will be owned by user "postgres".
This user must also own the server process.

The database cluster will be initialized with locale "en_US.utf8".
The default database encoding has accordingly been set to "UTF8".
The default text search configuration will be set to "english".

Data page checksums are disabled.

fixing permissions on existing directory /var/lib/postgresql/data ... ok
creating subdirectories ... ok
selecting dynamic shared memory implementation ... posix
selecting default max_connections ... 100
selecting default shared_buffers ... 128MB
selecting default time zone ... Etc/UTC
creating configuration files ... ok
running bootstrap script ... ok
performing post-bootstrap initialization ... ok
syncing data to disk ... ok

initdb: warning: enabling "trust" authentication for local connections
initdb: hint: You can change this by editing pg_hba.conf or using the option -A, or --auth-local and --auth-host, the next time you run initdb.

Success. You can now start the database server using:

    pg_ctl -D /var/lib/postgresql/data -l logfile start

waiting for server to start....2024-07-14 07:10:33.756 UTC [48] LOG:  starting PostgreSQL 16.3 (Debian 16.3-1.pgdg120+1) on x86_64-pc-linux-gnu, compiled by gcc (Debian 12.2.0-14) 12.2.0, 64-bit
2024-07-14 07:10:33.758 UTC [48] LOG:  listening on Unix socket "/var/run/postgresql/.s.PGSQL.5432"
2024-07-14 07:10:33.763 UTC [51] LOG:  database system was shut down at 2024-07-14 07:10:33 UTC
2024-07-14 07:10:33.767 UTC [48] LOG:  database system is ready to accept connections
 done
server started

/usr/local/bin/docker-entrypoint.sh: ignoring /docker-entrypoint-initdb.d/*

waiting for server to shut down....2024-07-14 07:10:33.882 UTC [48] LOG:  received fast shutdown request
2024-07-14 07:10:33.894 UTC [48] LOG:  aborting any active transactions
2024-07-14 07:10:33.895 UTC [48] LOG:  background worker "logical replication launcher" (PID 54) exited with exit code 1
2024-07-14 07:10:33.896 UTC [49] LOG:  shutting down
2024-07-14 07:10:33.898 UTC [49] LOG:  checkpoint starting: shutdown immediate
2024-07-14 07:10:33.907 UTC [49] LOG:  checkpoint complete: wrote 3 buffers (0.0%); 0 WAL file(s) added, 0 removed, 0 recycled; write=0.004 s, sync=0.001 s, total=0.011 s; sync files=2, longest=0.001 s, average=0.001 s; distance=0 kB, estimate=0 kB; lsn=0/14EA208, redo lsn=0/14EA208
2024-07-14 07:10:33.911 UTC [48] LOG:  database system is shut down
 done
server stopped

PostgreSQL init process complete; ready for start up.

2024-07-14 07:10:34.017 UTC [1] LOG:  starting PostgreSQL 16.3 (Debian 16.3-1.pgdg120+1) on x86_64-pc-linux-gnu, compiled by gcc (Debian 12.2.0-14) 12.2.0, 64-bit
2024-07-14 07:10:34.017 UTC [1] LOG:  listening on IPv4 address "0.0.0.0", port 5432
2024-07-14 07:10:34.017 UTC [1] LOG:  listening on IPv6 address "::", port 5432
2024-07-14 07:10:34.022 UTC [1] LOG:  listening on Unix socket "/var/run/postgresql/.s.PGSQL.5432"
2024-07-14 07:10:34.031 UTC [62] LOG:  database system was shut down at 2024-07-14 07:10:33 UTC
2024-07-14 07:10:34.038 UTC [1] LOG:  database system is ready to accept connections
^C2024-07-14 07:10:37.218 UTC [1] LOG:  received fast shutdown request
2024-07-14 07:10:37.230 UTC [1] LOG:  aborting any active transactions
2024-07-14 07:10:37.234 UTC [1] LOG:  background worker "logical replication launcher" (PID 65) exited with exit code 1
2024-07-14 07:10:37.235 UTC [60] LOG:  shutting down
2024-07-14 07:10:37.237 UTC [60] LOG:  checkpoint starting: shutdown immediate
2024-07-14 07:10:37.254 UTC [60] LOG:  checkpoint complete: wrote 3 buffers (0.0%); 0 WAL file(s) added, 0 removed, 0 recycled; write=0.006 s, sync=0.002 s, total=0.019 s; sync files=2, longest=0.001 s, average=0.001 s; distance=0 kB, estimate=0 kB; lsn=0/14EA280, redo lsn=0/14EA280
2024-07-14 07:10:37.262 UTC [1] LOG:  database system is shut down
The files belonging to this database system will be owned by user "postgres".
This user must also own the server process.

The database cluster will be initialized with locale "en_US.utf8".
The default database encoding has accordingly been set to "UTF8".
The default text search configuration will be set to "english".

Data page checksums are disabled.

fixing permissions on existing directory /var/lib/postgresql/data ... ok
creating subdirectories ... ok
selecting dynamic shared memory implementation ... posix
selecting default max_connections ... 100
selecting default shared_buffers ... 128MB
selecting default time zone ... Etc/UTC
creating configuration files ... ok
running bootstrap script ... ok
performing post-bootstrap initialization ... ok
syncing data to disk ... ok

initdb: warning: enabling "trust" authentication for local connections
initdb: hint: You can change this by editing pg_hba.conf or using the option -A, or --auth-local and --auth-host, the next time you run initdb.

Success. You can now start the database server using:

    pg_ctl -D /var/lib/postgresql/data -l logfile start

waiting for server to start....2024-07-14 07:11:49.445 UTC [48] LOG:  starting PostgreSQL 16.3 (Debian 16.3-1.pgdg120+1) on x86_64-pc-linux-gnu, compiled by gcc (Debian 12.2.0-14) 12.2.0, 64-bit
2024-07-14 07:11:49.447 UTC [48] LOG:  listening on Unix socket "/var/run/postgresql/.s.PGSQL.5432"
2024-07-14 07:11:49.455 UTC [51] LOG:  database system was shut down at 2024-07-14 07:11:49 UTC
2024-07-14 07:11:49.463 UTC [48] LOG:  database system is ready to accept connections
 done
server started

/usr/local/bin/docker-entrypoint.sh: ignoring /docker-entrypoint-initdb.d/*

waiting for server to shut down....2024-07-14 07:11:49.555 UTC [48] LOG:  received fast shutdown request
2024-07-14 07:11:49.558 UTC [48] LOG:  aborting any active transactions
2024-07-14 07:11:49.559 UTC [48] LOG:  background worker "logical replication launcher" (PID 54) exited with exit code 1
2024-07-14 07:11:49.560 UTC [49] LOG:  shutting down
2024-07-14 07:11:49.563 UTC [49] LOG:  checkpoint starting: shutdown immediate
2024-07-14 07:11:49.572 UTC [49] LOG:  checkpoint complete: wrote 3 buffers (0.0%); 0 WAL file(s) added, 0 removed, 0 recycled; write=0.004 s, sync=0.001 s, total=0.012 s; sync files=2, longest=0.001 s, average=0.001 s; distance=0 kB, estimate=0 kB; lsn=0/14EA208, redo lsn=0/14EA208
2024-07-14 07:11:49.576 UTC [48] LOG:  database system is shut down
 done
server stopped

PostgreSQL init process complete; ready for start up.

2024-07-14 07:11:49.701 UTC [1] LOG:  starting PostgreSQL 16.3 (Debian 16.3-1.pgdg120+1) on x86_64-pc-linux-gnu, compiled by gcc (Debian 12.2.0-14) 12.2.0, 64-bit
2024-07-14 07:11:49.701 UTC [1] LOG:  listening on IPv4 address "0.0.0.0", port 5432
2024-07-14 07:11:49.701 UTC [1] LOG:  listening on IPv6 address "::", port 5432
2024-07-14 07:11:49.705 UTC [1] LOG:  listening on Unix socket "/var/run/postgresql/.s.PGSQL.5432"
2024-07-14 07:11:49.712 UTC [62] LOG:  database system was shut down at 2024-07-14 07:11:49 UTC
2024-07-14 07:11:49.719 UTC [1] LOG:  database system is ready to accept connections
^C2024-07-14 07:11:50.781 UTC [1] LOG:  received fast shutdown request
2024-07-14 07:11:50.795 UTC [1] LOG:  aborting any active transactions
2024-07-14 07:11:50.799 UTC [1] LOG:  background worker "logical replication launcher" (PID 65) exited with exit code 1
2024-07-14 07:11:50.800 UTC [60] LOG:  shutting down
2024-07-14 07:11:50.803 UTC [60] LOG:  checkpoint starting: shutdown immediate
2024-07-14 07:11:50.818 UTC [60] LOG:  checkpoint complete: wrote 3 buffers (0.0%); 0 WAL file(s) added, 0 removed, 0 recycled; write=0.006 s, sync=0.003 s, total=0.019 s; sync files=2, longest=0.002 s, average=0.002 s; distance=0 kB, estimate=0 kB; lsn=0/14EA280, redo lsn=0/14EA280
2024-07-14 07:11:50.828 UTC [1] LOG:  database system is shut down
